I, [2015-06-20T23:55:15.870395 #11310]  INFO -- : Started GET "/" for 127.0.0.1 at 2015-06-20 23:55:15 +0700
F, [2015-06-20T23:55:16.738808 #11310] FATAL -- : 
ActiveRecord::NoDatabaseError (FATAL:  role "Jualon49203123Jualon" does not exist
):
  activerecord (4.2.1) lib/active_record/connection_adapters/postgresql_adapter.rb:661:in `rescue in connect'
  activerecord (4.2.1) lib/active_record/connection_adapters/postgresql_adapter.rb:651:in `connect'
  activerecord (4.2.1) lib/active_record/connection_adapters/postgresql_adapter.rb:242:in `initialize'
  activerecord (4.2.1) lib/active_record/connection_adapters/postgresql_adapter.rb:44:in `new'
  activerecord (4.2.1) lib/active_record/connection_adapters/postgresql_adapter.rb:44:in `postgresql_connection'
  activerecord (4.2.1) lib/active_record/connection_adapters/abstract/connection_pool.rb:438:in `new_connection'
  activerecord (4.2.1) lib/active_record/connection_adapters/abstract/connection_pool.rb:448:in `checkout_new_connection'
  activerecord (4.2.1) lib/active_record/connection_adapters/abstract/connection_pool.rb:422:in `acquire_connection'
  activerecord (4.2.1) lib/active_record/connection_adapters/abstract/connection_pool.rb:349:in `block in checkout'
  /home/lintangarief/.rvm/rubies/ruby-2.2.2/lib/ruby/2.2.0/monitor.rb:211:in `mon_synchronize'
  activerecord (4.2.1) lib/active_record/connection_adapters/abstract/connection_pool.rb:348:in `checkout'
  activerecord (4.2.1) lib/active_record/connection_adapters/abstract/connection_pool.rb:263:in `block in connection'
  /home/lintangarief/.rvm/rubies/ruby-2.2.2/lib/ruby/2.2.0/monitor.rb:211:in `mon_synchronize'
  activerecord (4.2.1) lib/active_record/connection_adapters/abstract/connection_pool.rb:262:in `connection'
  activerecord (4.2.1) lib/active_record/connection_adapters/abstract/connection_pool.rb:567:in `retrieve_connection'
  activerecord (4.2.1) lib/active_record/connection_handling.rb:113:in `retrieve_connection'
  activerecord (4.2.1) lib/active_record/connection_handling.rb:87:in `connection'
  activerecord (4.2.1) lib/active_record/query_cache.rb:51:in `restore_query_cache_settings'
  activerecord (4.2.1) lib/active_record/query_cache.rb:43:in `rescue in call'
  activerecord (4.2.1) lib/active_record/query_cache.rb:31:in `call'
  activerecord (4.2.1) lib/active_record/connection_adapters/abstract/connection_pool.rb:649:in `call'
  actionpack (4.2.1) lib/action_dispatch/middleware/callbacks.rb:29:in `block in call'
  activesupport (4.2.1) lib/active_support/callbacks.rb:88:in `call'
  activesupport (4.2.1) lib/active_support/callbacks.rb:88:in `_run_callbacks'
  activesupport (4.2.1) lib/active_support/callbacks.rb:776:in `_run_call_callbacks'
  activesupport (4.2.1) lib/active_support/callbacks.rb:81:in `run_callbacks'
  actionpack (4.2.1) lib/action_dispatch/middleware/callbacks.rb:27:in `call'
  actionpack (4.2.1) lib/action_dispatch/middleware/remote_ip.rb:78:in `call'
  actionpack (4.2.1) lib/action_dispatch/middleware/debug_exceptions.rb:17:in `call'
  actionpack (4.2.1) lib/action_dispatch/middleware/show_exceptions.rb:30:in `call'
  railties (4.2.1) lib/rails/rack/logger.rb:38:in `call_app'
  railties (4.2.1) lib/rails/rack/logger.rb:20:in `block in call'
  activesupport (4.2.1) lib/active_support/tagged_logging.rb:68:in `block in tagged'
  activesupport (4.2.1) lib/active_support/tagged_logging.rb:26:in `tagged'
  activesupport (4.2.1) lib/active_support/tagged_logging.rb:68:in `tagged'
  railties (4.2.1) lib/rails/rack/logger.rb:20:in `call'
  actionpack (4.2.1) lib/action_dispatch/middleware/request_id.rb:21:in `call'
  rack (1.6.1) lib/rack/methodoverride.rb:22:in `call'
  rack (1.6.1) lib/rack/runtime.rb:18:in `call'
  activesupport (4.2.1) lib/active_support/cache/strategy/local_cache_middleware.rb:28:in `call'
  rack (1.6.1) lib/rack/sendfile.rb:113:in `call'
  railties (4.2.1) lib/rails/engine.rb:518:in `call'
  railties (4.2.1) lib/rails/application.rb:164:in `call'
  rack (1.6.1) lib/rack/content_length.rb:15:in `call'
  thin (1.6.3) lib/thin/connection.rb:86:in `block in pre_process'
  thin (1.6.3) lib/thin/connection.rb:84:in `catch'
  thin (1.6.3) lib/thin/connection.rb:84:in `pre_process'
  thin (1.6.3) lib/thin/connection.rb:53:in `process'
  thin (1.6.3) lib/thin/connection.rb:39:in `receive_data'
  eventmachine (1.0.4) lib/eventmachine.rb:187:in `run_machine'
  eventmachine (1.0.4) lib/eventmachine.rb:187:in `run'
  thin (1.6.3) lib/thin/backends/base.rb:73:in `start'
  thin (1.6.3) lib/thin/server.rb:162:in `start'
  rack (1.6.1) lib/rack/handler/thin.rb:19:in `run'
  rack (1.6.1) lib/rack/server.rb:286:in `start'
  railties (4.2.1) lib/rails/commands/server.rb:80:in `start'
  railties (4.2.1) lib/rails/commands/commands_tasks.rb:80:in `block in server'
  railties (4.2.1) lib/rails/commands/commands_tasks.rb:75:in `tap'
  railties (4.2.1) lib/rails/commands/commands_tasks.rb:75:in `server'
  railties (4.2.1) lib/rails/commands/commands_tasks.rb:39:in `run_command!'
  railties (4.2.1) lib/rails/commands.rb:17:in `<top (required)>'
  bin/rails:8:in `require'
  bin/rails:8:in `<top (required)>'
  spring (1.3.6) lib/spring/client/rails.rb:28:in `load'
  spring (1.3.6) lib/spring/client/rails.rb:28:in `call'
  spring (1.3.6) lib/spring/client/command.rb:7:in `call'
  spring (1.3.6) lib/spring/client.rb:26:in `run'
  spring (1.3.6) bin/spring:48:in `<top (required)>'
  spring (1.3.6) lib/spring/binstub.rb:11:in `load'
  spring (1.3.6) lib/spring/binstub.rb:11:in `<top (required)>'
  bin/spring:13:in `require'
  bin/spring:13:in `<top (required)>'
  bin/rails:3:in `load'
  bin/rails:3:in `<main>'


I, [2015-06-20T23:56:22.413384 #11310]  INFO -- : Started GET "/" for 127.0.0.1 at 2015-06-20 23:56:22 +0700
F, [2015-06-20T23:56:22.691790 #11310] FATAL -- : 
ActiveRecord::NoDatabaseError (FATAL:  role "Jualon49203123Jualon" does not exist
):
  activerecord (4.2.1) lib/active_record/connection_adapters/postgresql_adapter.rb:661:in `rescue in connect'
  activerecord (4.2.1) lib/active_record/connection_adapters/postgresql_adapter.rb:651:in `connect'
  activerecord (4.2.1) lib/active_record/connection_adapters/postgresql_adapter.rb:242:in `initialize'
  activerecord (4.2.1) lib/active_record/connection_adapters/postgresql_adapter.rb:44:in `new'
  activerecord (4.2.1) lib/active_record/connection_adapters/postgresql_adapter.rb:44:in `postgresql_connection'
  activerecord (4.2.1) lib/active_record/connection_adapters/abstract/connection_pool.rb:438:in `new_connection'
  activerecord (4.2.1) lib/active_record/connection_adapters/abstract/connection_pool.rb:448:in `checkout_new_connection'
  activerecord (4.2.1) lib/active_record/connection_adapters/abstract/connection_pool.rb:422:in `acquire_connection'
  activerecord (4.2.1) lib/active_record/connection_adapters/abstract/connection_pool.rb:349:in `block in checkout'
  /home/lintangarief/.rvm/rubies/ruby-2.2.2/lib/ruby/2.2.0/monitor.rb:211:in `mon_synchronize'
  activerecord (4.2.1) lib/active_record/connection_adapters/abstract/connection_pool.rb:348:in `checkout'
  activerecord (4.2.1) lib/active_record/connection_adapters/abstract/connection_pool.rb:263:in `block in connection'
  /home/lintangarief/.rvm/rubies/ruby-2.2.2/lib/ruby/2.2.0/monitor.rb:211:in `mon_synchronize'
  activerecord (4.2.1) lib/active_record/connection_adapters/abstract/connection_pool.rb:262:in `connection'
  activerecord (4.2.1) lib/active_record/connection_adapters/abstract/connection_pool.rb:567:in `retrieve_connection'
  activerecord (4.2.1) lib/active_record/connection_handling.rb:113:in `retrieve_connection'
  activerecord (4.2.1) lib/active_record/connection_handling.rb:87:in `connection'
  activerecord (4.2.1) lib/active_record/query_cache.rb:51:in `restore_query_cache_settings'
  activerecord (4.2.1) lib/active_record/query_cache.rb:43:in `rescue in call'
  activerecord (4.2.1) lib/active_record/query_cache.rb:31:in `call'
  activerecord (4.2.1) lib/active_record/connection_adapters/abstract/connection_pool.rb:649:in `call'
  actionpack (4.2.1) lib/action_dispatch/middleware/callbacks.rb:29:in `block in call'
  activesupport (4.2.1) lib/active_support/callbacks.rb:88:in `call'
  activesupport (4.2.1) lib/active_support/callbacks.rb:88:in `_run_callbacks'
  activesupport (4.2.1) lib/active_support/callbacks.rb:776:in `_run_call_callbacks'
  activesupport (4.2.1) lib/active_support/callbacks.rb:81:in `run_callbacks'
  actionpack (4.2.1) lib/action_dispatch/middleware/callbacks.rb:27:in `call'
  actionpack (4.2.1) lib/action_dispatch/middleware/remote_ip.rb:78:in `call'
  actionpack (4.2.1) lib/action_dispatch/middleware/debug_exceptions.rb:17:in `call'
  actionpack (4.2.1) lib/action_dispatch/middleware/show_exceptions.rb:30:in `call'
  railties (4.2.1) lib/rails/rack/logger.rb:38:in `call_app'
  railties (4.2.1) lib/rails/rack/logger.rb:20:in `block in call'
  activesupport (4.2.1) lib/active_support/tagged_logging.rb:68:in `block in tagged'
  activesupport (4.2.1) lib/active_support/tagged_logging.rb:26:in `tagged'
  activesupport (4.2.1) lib/active_support/tagged_logging.rb:68:in `tagged'
  railties (4.2.1) lib/rails/rack/logger.rb:20:in `call'
  actionpack (4.2.1) lib/action_dispatch/middleware/request_id.rb:21:in `call'
  rack (1.6.1) lib/rack/methodoverride.rb:22:in `call'
  rack (1.6.1) lib/rack/runtime.rb:18:in `call'
  activesupport (4.2.1) lib/active_support/cache/strategy/local_cache_middleware.rb:28:in `call'
  rack (1.6.1) lib/rack/sendfile.rb:113:in `call'
  railties (4.2.1) lib/rails/engine.rb:518:in `call'
  railties (4.2.1) lib/rails/application.rb:164:in `call'
  rack (1.6.1) lib/rack/content_length.rb:15:in `call'
  thin (1.6.3) lib/thin/connection.rb:86:in `block in pre_process'
  thin (1.6.3) lib/thin/connection.rb:84:in `catch'
  thin (1.6.3) lib/thin/connection.rb:84:in `pre_process'
  thin (1.6.3) lib/thin/connection.rb:53:in `process'
  thin (1.6.3) lib/thin/connection.rb:39:in `receive_data'
  eventmachine (1.0.4) lib/eventmachine.rb:187:in `run_machine'
  eventmachine (1.0.4) lib/eventmachine.rb:187:in `run'
  thin (1.6.3) lib/thin/backends/base.rb:73:in `start'
  thin (1.6.3) lib/thin/server.rb:162:in `start'
  rack (1.6.1) lib/rack/handler/thin.rb:19:in `run'
  rack (1.6.1) lib/rack/server.rb:286:in `start'
  railties (4.2.1) lib/rails/commands/server.rb:80:in `start'
  railties (4.2.1) lib/rails/commands/commands_tasks.rb:80:in `block in server'
  railties (4.2.1) lib/rails/commands/commands_tasks.rb:75:in `tap'
  railties (4.2.1) lib/rails/commands/commands_tasks.rb:75:in `server'
  railties (4.2.1) lib/rails/commands/commands_tasks.rb:39:in `run_command!'
  railties (4.2.1) lib/rails/commands.rb:17:in `<top (required)>'
  bin/rails:8:in `require'
  bin/rails:8:in `<top (required)>'
  spring (1.3.6) lib/spring/client/rails.rb:28:in `load'
  spring (1.3.6) lib/spring/client/rails.rb:28:in `call'
  spring (1.3.6) lib/spring/client/command.rb:7:in `call'
  spring (1.3.6) lib/spring/client.rb:26:in `run'
  spring (1.3.6) bin/spring:48:in `<top (required)>'
  spring (1.3.6) lib/spring/binstub.rb:11:in `load'
  spring (1.3.6) lib/spring/binstub.rb:11:in `<top (required)>'
  bin/spring:13:in `require'
  bin/spring:13:in `<top (required)>'
  bin/rails:3:in `load'
  bin/rails:3:in `<main>'


I, [2015-06-20T23:57:37.007120 #11310]  INFO -- : Started GET "/" for 127.0.0.1 at 2015-06-20 23:57:37 +0700
F, [2015-06-20T23:57:37.254566 #11310] FATAL -- : 
ActiveRecord::NoDatabaseError (FATAL:  role "Jualon49203123Jualon" does not exist
):
  activerecord (4.2.1) lib/active_record/connection_adapters/postgresql_adapter.rb:661:in `rescue in connect'
  activerecord (4.2.1) lib/active_record/connection_adapters/postgresql_adapter.rb:651:in `connect'
  activerecord (4.2.1) lib/active_record/connection_adapters/postgresql_adapter.rb:242:in `initialize'
  activerecord (4.2.1) lib/active_record/connection_adapters/postgresql_adapter.rb:44:in `new'
  activerecord (4.2.1) lib/active_record/connection_adapters/postgresql_adapter.rb:44:in `postgresql_connection'
  activerecord (4.2.1) lib/active_record/connection_adapters/abstract/connection_pool.rb:438:in `new_connection'
  activerecord (4.2.1) lib/active_record/connection_adapters/abstract/connection_pool.rb:448:in `checkout_new_connection'
  activerecord (4.2.1) lib/active_record/connection_adapters/abstract/connection_pool.rb:422:in `acquire_connection'
  activerecord (4.2.1) lib/active_record/connection_adapters/abstract/connection_pool.rb:349:in `block in checkout'
  /home/lintangarief/.rvm/rubies/ruby-2.2.2/lib/ruby/2.2.0/monitor.rb:211:in `mon_synchronize'
  activerecord (4.2.1) lib/active_record/connection_adapters/abstract/connection_pool.rb:348:in `checkout'
  activerecord (4.2.1) lib/active_record/connection_adapters/abstract/connection_pool.rb:263:in `block in connection'
  /home/lintangarief/.rvm/rubies/ruby-2.2.2/lib/ruby/2.2.0/monitor.rb:211:in `mon_synchronize'
  activerecord (4.2.1) lib/active_record/connection_adapters/abstract/connection_pool.rb:262:in `connection'
  activerecord (4.2.1) lib/active_record/connection_adapters/abstract/connection_pool.rb:567:in `retrieve_connection'
  activerecord (4.2.1) lib/active_record/connection_handling.rb:113:in `retrieve_connection'
  activerecord (4.2.1) lib/active_record/connection_handling.rb:87:in `connection'
  activerecord (4.2.1) lib/active_record/query_cache.rb:51:in `restore_query_cache_settings'
  activerecord (4.2.1) lib/active_record/query_cache.rb:43:in `rescue in call'
  activerecord (4.2.1) lib/active_record/query_cache.rb:31:in `call'
  activerecord (4.2.1) lib/active_record/connection_adapters/abstract/connection_pool.rb:649:in `call'
  actionpack (4.2.1) lib/action_dispatch/middleware/callbacks.rb:29:in `block in call'
  activesupport (4.2.1) lib/active_support/callbacks.rb:88:in `call'
  activesupport (4.2.1) lib/active_support/callbacks.rb:88:in `_run_callbacks'
  activesupport (4.2.1) lib/active_support/callbacks.rb:776:in `_run_call_callbacks'
  activesupport (4.2.1) lib/active_support/callbacks.rb:81:in `run_callbacks'
  actionpack (4.2.1) lib/action_dispatch/middleware/callbacks.rb:27:in `call'
  actionpack (4.2.1) lib/action_dispatch/middleware/remote_ip.rb:78:in `call'
  actionpack (4.2.1) lib/action_dispatch/middleware/debug_exceptions.rb:17:in `call'
  actionpack (4.2.1) lib/action_dispatch/middleware/show_exceptions.rb:30:in `call'
  railties (4.2.1) lib/rails/rack/logger.rb:38:in `call_app'
  railties (4.2.1) lib/rails/rack/logger.rb:20:in `block in call'
  activesupport (4.2.1) lib/active_support/tagged_logging.rb:68:in `block in tagged'
  activesupport (4.2.1) lib/active_support/tagged_logging.rb:26:in `tagged'
  activesupport (4.2.1) lib/active_support/tagged_logging.rb:68:in `tagged'
  railties (4.2.1) lib/rails/rack/logger.rb:20:in `call'
  actionpack (4.2.1) lib/action_dispatch/middleware/request_id.rb:21:in `call'
  rack (1.6.1) lib/rack/methodoverride.rb:22:in `call'
  rack (1.6.1) lib/rack/runtime.rb:18:in `call'
  activesupport (4.2.1) lib/active_support/cache/strategy/local_cache_middleware.rb:28:in `call'
  rack (1.6.1) lib/rack/sendfile.rb:113:in `call'
  railties (4.2.1) lib/rails/engine.rb:518:in `call'
  railties (4.2.1) lib/rails/application.rb:164:in `call'
  rack (1.6.1) lib/rack/content_length.rb:15:in `call'
  thin (1.6.3) lib/thin/connection.rb:86:in `block in pre_process'
  thin (1.6.3) lib/thin/connection.rb:84:in `catch'
  thin (1.6.3) lib/thin/connection.rb:84:in `pre_process'
  thin (1.6.3) lib/thin/connection.rb:53:in `process'
  thin (1.6.3) lib/thin/connection.rb:39:in `receive_data'
  eventmachine (1.0.4) lib/eventmachine.rb:187:in `run_machine'
  eventmachine (1.0.4) lib/eventmachine.rb:187:in `run'
  thin (1.6.3) lib/thin/backends/base.rb:73:in `start'
  thin (1.6.3) lib/thin/server.rb:162:in `start'
  rack (1.6.1) lib/rack/handler/thin.rb:19:in `run'
  rack (1.6.1) lib/rack/server.rb:286:in `start'
  railties (4.2.1) lib/rails/commands/server.rb:80:in `start'
  railties (4.2.1) lib/rails/commands/commands_tasks.rb:80:in `block in server'
  railties (4.2.1) lib/rails/commands/commands_tasks.rb:75:in `tap'
  railties (4.2.1) lib/rails/commands/commands_tasks.rb:75:in `server'
  railties (4.2.1) lib/rails/commands/commands_tasks.rb:39:in `run_command!'
  railties (4.2.1) lib/rails/commands.rb:17:in `<top (required)>'
  bin/rails:8:in `require'
  bin/rails:8:in `<top (required)>'
  spring (1.3.6) lib/spring/client/rails.rb:28:in `load'
  spring (1.3.6) lib/spring/client/rails.rb:28:in `call'
  spring (1.3.6) lib/spring/client/command.rb:7:in `call'
  spring (1.3.6) lib/spring/client.rb:26:in `run'
  spring (1.3.6) bin/spring:48:in `<top (required)>'
  spring (1.3.6) lib/spring/binstub.rb:11:in `load'
  spring (1.3.6) lib/spring/binstub.rb:11:in `<top (required)>'
  bin/spring:13:in `require'
  bin/spring:13:in `<top (required)>'
  bin/rails:3:in `load'
  bin/rails:3:in `<main>'


I, [2015-06-20T23:57:53.651868 #11310]  INFO -- : Started GET "/" for 127.0.0.1 at 2015-06-20 23:57:53 +0700
F, [2015-06-20T23:57:53.904553 #11310] FATAL -- : 
ActiveRecord::NoDatabaseError (FATAL:  role "Jualon49203123Jualon" does not exist
):
  activerecord (4.2.1) lib/active_record/connection_adapters/postgresql_adapter.rb:661:in `rescue in connect'
  activerecord (4.2.1) lib/active_record/connection_adapters/postgresql_adapter.rb:651:in `connect'
  activerecord (4.2.1) lib/active_record/connection_adapters/postgresql_adapter.rb:242:in `initialize'
  activerecord (4.2.1) lib/active_record/connection_adapters/postgresql_adapter.rb:44:in `new'
  activerecord (4.2.1) lib/active_record/connection_adapters/postgresql_adapter.rb:44:in `postgresql_connection'
  activerecord (4.2.1) lib/active_record/connection_adapters/abstract/connection_pool.rb:438:in `new_connection'
  activerecord (4.2.1) lib/active_record/connection_adapters/abstract/connection_pool.rb:448:in `checkout_new_connection'
  activerecord (4.2.1) lib/active_record/connection_adapters/abstract/connection_pool.rb:422:in `acquire_connection'
  activerecord (4.2.1) lib/active_record/connection_adapters/abstract/connection_pool.rb:349:in `block in checkout'
  /home/lintangarief/.rvm/rubies/ruby-2.2.2/lib/ruby/2.2.0/monitor.rb:211:in `mon_synchronize'
  activerecord (4.2.1) lib/active_record/connection_adapters/abstract/connection_pool.rb:348:in `checkout'
  activerecord (4.2.1) lib/active_record/connection_adapters/abstract/connection_pool.rb:263:in `block in connection'
  /home/lintangarief/.rvm/rubies/ruby-2.2.2/lib/ruby/2.2.0/monitor.rb:211:in `mon_synchronize'
  activerecord (4.2.1) lib/active_record/connection_adapters/abstract/connection_pool.rb:262:in `connection'
  activerecord (4.2.1) lib/active_record/connection_adapters/abstract/connection_pool.rb:567:in `retrieve_connection'
  activerecord (4.2.1) lib/active_record/connection_handling.rb:113:in `retrieve_connection'
  activerecord (4.2.1) lib/active_record/connection_handling.rb:87:in `connection'
  activerecord (4.2.1) lib/active_record/query_cache.rb:51:in `restore_query_cache_settings'
  activerecord (4.2.1) lib/active_record/query_cache.rb:43:in `rescue in call'
  activerecord (4.2.1) lib/active_record/query_cache.rb:31:in `call'
  activerecord (4.2.1) lib/active_record/connection_adapters/abstract/connection_pool.rb:649:in `call'
  actionpack (4.2.1) lib/action_dispatch/middleware/callbacks.rb:29:in `block in call'
  activesupport (4.2.1) lib/active_support/callbacks.rb:88:in `call'
  activesupport (4.2.1) lib/active_support/callbacks.rb:88:in `_run_callbacks'
  activesupport (4.2.1) lib/active_support/callbacks.rb:776:in `_run_call_callbacks'
  activesupport (4.2.1) lib/active_support/callbacks.rb:81:in `run_callbacks'
  actionpack (4.2.1) lib/action_dispatch/middleware/callbacks.rb:27:in `call'
  actionpack (4.2.1) lib/action_dispatch/middleware/remote_ip.rb:78:in `call'
  actionpack (4.2.1) lib/action_dispatch/middleware/debug_exceptions.rb:17:in `call'
  actionpack (4.2.1) lib/action_dispatch/middleware/show_exceptions.rb:30:in `call'
  railties (4.2.1) lib/rails/rack/logger.rb:38:in `call_app'
  railties (4.2.1) lib/rails/rack/logger.rb:20:in `block in call'
  activesupport (4.2.1) lib/active_support/tagged_logging.rb:68:in `block in tagged'
  activesupport (4.2.1) lib/active_support/tagged_logging.rb:26:in `tagged'
  activesupport (4.2.1) lib/active_support/tagged_logging.rb:68:in `tagged'
  railties (4.2.1) lib/rails/rack/logger.rb:20:in `call'
  actionpack (4.2.1) lib/action_dispatch/middleware/request_id.rb:21:in `call'
  rack (1.6.1) lib/rack/methodoverride.rb:22:in `call'
  rack (1.6.1) lib/rack/runtime.rb:18:in `call'
  activesupport (4.2.1) lib/active_support/cache/strategy/local_cache_middleware.rb:28:in `call'
  rack (1.6.1) lib/rack/sendfile.rb:113:in `call'
  railties (4.2.1) lib/rails/engine.rb:518:in `call'
  railties (4.2.1) lib/rails/application.rb:164:in `call'
  rack (1.6.1) lib/rack/content_length.rb:15:in `call'
  thin (1.6.3) lib/thin/connection.rb:86:in `block in pre_process'
  thin (1.6.3) lib/thin/connection.rb:84:in `catch'
  thin (1.6.3) lib/thin/connection.rb:84:in `pre_process'
  thin (1.6.3) lib/thin/connection.rb:53:in `process'
  thin (1.6.3) lib/thin/connection.rb:39:in `receive_data'
  eventmachine (1.0.4) lib/eventmachine.rb:187:in `run_machine'
  eventmachine (1.0.4) lib/eventmachine.rb:187:in `run'
  thin (1.6.3) lib/thin/backends/base.rb:73:in `start'
  thin (1.6.3) lib/thin/server.rb:162:in `start'
  rack (1.6.1) lib/rack/handler/thin.rb:19:in `run'
  rack (1.6.1) lib/rack/server.rb:286:in `start'
  railties (4.2.1) lib/rails/commands/server.rb:80:in `start'
  railties (4.2.1) lib/rails/commands/commands_tasks.rb:80:in `block in server'
  railties (4.2.1) lib/rails/commands/commands_tasks.rb:75:in `tap'
  railties (4.2.1) lib/rails/commands/commands_tasks.rb:75:in `server'
  railties (4.2.1) lib/rails/commands/commands_tasks.rb:39:in `run_command!'
  railties (4.2.1) lib/rails/commands.rb:17:in `<top (required)>'
  bin/rails:8:in `require'
  bin/rails:8:in `<top (required)>'
  spring (1.3.6) lib/spring/client/rails.rb:28:in `load'
  spring (1.3.6) lib/spring/client/rails.rb:28:in `call'
  spring (1.3.6) lib/spring/client/command.rb:7:in `call'
  spring (1.3.6) lib/spring/client.rb:26:in `run'
  spring (1.3.6) bin/spring:48:in `<top (required)>'
  spring (1.3.6) lib/spring/binstub.rb:11:in `load'
  spring (1.3.6) lib/spring/binstub.rb:11:in `<top (required)>'
  bin/spring:13:in `require'
  bin/spring:13:in `<top (required)>'
  bin/rails:3:in `load'
  bin/rails:3:in `<main>'


I, [2015-06-20T23:58:24.422953 #11379]  INFO -- : Started GET "/" for 127.0.0.1 at 2015-06-20 23:58:24 +0700
F, [2015-06-20T23:58:24.717285 #11379] FATAL -- : 
ActiveRecord::NoDatabaseError (FATAL:  role "Jualon49203123Jualon" does not exist
):
  activerecord (4.2.1) lib/active_record/connection_adapters/postgresql_adapter.rb:661:in `rescue in connect'
  activerecord (4.2.1) lib/active_record/connection_adapters/postgresql_adapter.rb:651:in `connect'
  activerecord (4.2.1) lib/active_record/connection_adapters/postgresql_adapter.rb:242:in `initialize'
  activerecord (4.2.1) lib/active_record/connection_adapters/postgresql_adapter.rb:44:in `new'
  activerecord (4.2.1) lib/active_record/connection_adapters/postgresql_adapter.rb:44:in `postgresql_connection'
  activerecord (4.2.1) lib/active_record/connection_adapters/abstract/connection_pool.rb:438:in `new_connection'
  activerecord (4.2.1) lib/active_record/connection_adapters/abstract/connection_pool.rb:448:in `checkout_new_connection'
  activerecord (4.2.1) lib/active_record/connection_adapters/abstract/connection_pool.rb:422:in `acquire_connection'
  activerecord (4.2.1) lib/active_record/connection_adapters/abstract/connection_pool.rb:349:in `block in checkout'
  /home/lintangarief/.rvm/rubies/ruby-2.2.2/lib/ruby/2.2.0/monitor.rb:211:in `mon_synchronize'
  activerecord (4.2.1) lib/active_record/connection_adapters/abstract/connection_pool.rb:348:in `checkout'
  activerecord (4.2.1) lib/active_record/connection_adapters/abstract/connection_pool.rb:263:in `block in connection'
  /home/lintangarief/.rvm/rubies/ruby-2.2.2/lib/ruby/2.2.0/monitor.rb:211:in `mon_synchronize'
  activerecord (4.2.1) lib/active_record/connection_adapters/abstract/connection_pool.rb:262:in `connection'
  activerecord (4.2.1) lib/active_record/connection_adapters/abstract/connection_pool.rb:567:in `retrieve_connection'
  activerecord (4.2.1) lib/active_record/connection_handling.rb:113:in `retrieve_connection'
  activerecord (4.2.1) lib/active_record/connection_handling.rb:87:in `connection'
  activerecord (4.2.1) lib/active_record/query_cache.rb:51:in `restore_query_cache_settings'
  activerecord (4.2.1) lib/active_record/query_cache.rb:43:in `rescue in call'
  activerecord (4.2.1) lib/active_record/query_cache.rb:31:in `call'
  activerecord (4.2.1) lib/active_record/connection_adapters/abstract/connection_pool.rb:649:in `call'
  actionpack (4.2.1) lib/action_dispatch/middleware/callbacks.rb:29:in `block in call'
  activesupport (4.2.1) lib/active_support/callbacks.rb:88:in `call'
  activesupport (4.2.1) lib/active_support/callbacks.rb:88:in `_run_callbacks'
  activesupport (4.2.1) lib/active_support/callbacks.rb:776:in `_run_call_callbacks'
  activesupport (4.2.1) lib/active_support/callbacks.rb:81:in `run_callbacks'
  actionpack (4.2.1) lib/action_dispatch/middleware/callbacks.rb:27:in `call'
  actionpack (4.2.1) lib/action_dispatch/middleware/remote_ip.rb:78:in `call'
  actionpack (4.2.1) lib/action_dispatch/middleware/debug_exceptions.rb:17:in `call'
  actionpack (4.2.1) lib/action_dispatch/middleware/show_exceptions.rb:30:in `call'
  railties (4.2.1) lib/rails/rack/logger.rb:38:in `call_app'
  railties (4.2.1) lib/rails/rack/logger.rb:20:in `block in call'
  activesupport (4.2.1) lib/active_support/tagged_logging.rb:68:in `block in tagged'
  activesupport (4.2.1) lib/active_support/tagged_logging.rb:26:in `tagged'
  activesupport (4.2.1) lib/active_support/tagged_logging.rb:68:in `tagged'
  railties (4.2.1) lib/rails/rack/logger.rb:20:in `call'
  actionpack (4.2.1) lib/action_dispatch/middleware/request_id.rb:21:in `call'
  rack (1.6.1) lib/rack/methodoverride.rb:22:in `call'
  rack (1.6.1) lib/rack/runtime.rb:18:in `call'
  activesupport (4.2.1) lib/active_support/cache/strategy/local_cache_middleware.rb:28:in `call'
  rack (1.6.1) lib/rack/sendfile.rb:113:in `call'
  railties (4.2.1) lib/rails/engine.rb:518:in `call'
  railties (4.2.1) lib/rails/application.rb:164:in `call'
  rack (1.6.1) lib/rack/content_length.rb:15:in `call'
  thin (1.6.3) lib/thin/connection.rb:86:in `block in pre_process'
  thin (1.6.3) lib/thin/connection.rb:84:in `catch'
  thin (1.6.3) lib/thin/connection.rb:84:in `pre_process'
  thin (1.6.3) lib/thin/connection.rb:53:in `process'
  thin (1.6.3) lib/thin/connection.rb:39:in `receive_data'
  eventmachine (1.0.4) lib/eventmachine.rb:187:in `run_machine'
  eventmachine (1.0.4) lib/eventmachine.rb:187:in `run'
  thin (1.6.3) lib/thin/backends/base.rb:73:in `start'
  thin (1.6.3) lib/thin/server.rb:162:in `start'
  rack (1.6.1) lib/rack/handler/thin.rb:19:in `run'
  rack (1.6.1) lib/rack/server.rb:286:in `start'
  railties (4.2.1) lib/rails/commands/server.rb:80:in `start'
  railties (4.2.1) lib/rails/commands/commands_tasks.rb:80:in `block in server'
  railties (4.2.1) lib/rails/commands/commands_tasks.rb:75:in `tap'
  railties (4.2.1) lib/rails/commands/commands_tasks.rb:75:in `server'
  railties (4.2.1) lib/rails/commands/commands_tasks.rb:39:in `run_command!'
  railties (4.2.1) lib/rails/commands.rb:17:in `<top (required)>'
  bin/rails:8:in `require'
  bin/rails:8:in `<top (required)>'
  spring (1.3.6) lib/spring/client/rails.rb:28:in `load'
  spring (1.3.6) lib/spring/client/rails.rb:28:in `call'
  spring (1.3.6) lib/spring/client/command.rb:7:in `call'
  spring (1.3.6) lib/spring/client.rb:26:in `run'
  spring (1.3.6) bin/spring:48:in `<top (required)>'
  spring (1.3.6) lib/spring/binstub.rb:11:in `load'
  spring (1.3.6) lib/spring/binstub.rb:11:in `<top (required)>'
  bin/spring:13:in `require'
  bin/spring:13:in `<top (required)>'
  bin/rails:3:in `load'
  bin/rails:3:in `<main>'


I, [2015-06-21T00:00:29.754247 #11401]  INFO -- : Started GET "/" for 127.0.0.1 at 2015-06-21 00:00:29 +0700
F, [2015-06-21T00:00:30.163814 #11401] FATAL -- : 
ActiveRecord::NoDatabaseError (FATAL:  role "Jualon49203123Jualon" does not exist
):
  activerecord (4.2.1) lib/active_record/connection_adapters/postgresql_adapter.rb:661:in `rescue in connect'
  activerecord (4.2.1) lib/active_record/connection_adapters/postgresql_adapter.rb:651:in `connect'
  activerecord (4.2.1) lib/active_record/connection_adapters/postgresql_adapter.rb:242:in `initialize'
  activerecord (4.2.1) lib/active_record/connection_adapters/postgresql_adapter.rb:44:in `new'
  activerecord (4.2.1) lib/active_record/connection_adapters/postgresql_adapter.rb:44:in `postgresql_connection'
  activerecord (4.2.1) lib/active_record/connection_adapters/abstract/connection_pool.rb:438:in `new_connection'
  activerecord (4.2.1) lib/active_record/connection_adapters/abstract/connection_pool.rb:448:in `checkout_new_connection'
  activerecord (4.2.1) lib/active_record/connection_adapters/abstract/connection_pool.rb:422:in `acquire_connection'
  activerecord (4.2.1) lib/active_record/connection_adapters/abstract/connection_pool.rb:349:in `block in checkout'
  /home/lintangarief/.rvm/rubies/ruby-2.2.2/lib/ruby/2.2.0/monitor.rb:211:in `mon_synchronize'
  activerecord (4.2.1) lib/active_record/connection_adapters/abstract/connection_pool.rb:348:in `checkout'
  activerecord (4.2.1) lib/active_record/connection_adapters/abstract/connection_pool.rb:263:in `block in connection'
  /home/lintangarief/.rvm/rubies/ruby-2.2.2/lib/ruby/2.2.0/monitor.rb:211:in `mon_synchronize'
  activerecord (4.2.1) lib/active_record/connection_adapters/abstract/connection_pool.rb:262:in `connection'
  activerecord (4.2.1) lib/active_record/connection_adapters/abstract/connection_pool.rb:567:in `retrieve_connection'
  activerecord (4.2.1) lib/active_record/connection_handling.rb:113:in `retrieve_connection'
  activerecord (4.2.1) lib/active_record/connection_handling.rb:87:in `connection'
  activerecord (4.2.1) lib/active_record/query_cache.rb:51:in `restore_query_cache_settings'
  activerecord (4.2.1) lib/active_record/query_cache.rb:43:in `rescue in call'
  activerecord (4.2.1) lib/active_record/query_cache.rb:31:in `call'
  activerecord (4.2.1) lib/active_record/connection_adapters/abstract/connection_pool.rb:649:in `call'
  actionpack (4.2.1) lib/action_dispatch/middleware/callbacks.rb:29:in `block in call'
  activesupport (4.2.1) lib/active_support/callbacks.rb:88:in `call'
  activesupport (4.2.1) lib/active_support/callbacks.rb:88:in `_run_callbacks'
  activesupport (4.2.1) lib/active_support/callbacks.rb:776:in `_run_call_callbacks'
  activesupport (4.2.1) lib/active_support/callbacks.rb:81:in `run_callbacks'
  actionpack (4.2.1) lib/action_dispatch/middleware/callbacks.rb:27:in `call'
  actionpack (4.2.1) lib/action_dispatch/middleware/remote_ip.rb:78:in `call'
  actionpack (4.2.1) lib/action_dispatch/middleware/debug_exceptions.rb:17:in `call'
  actionpack (4.2.1) lib/action_dispatch/middleware/show_exceptions.rb:30:in `call'
  railties (4.2.1) lib/rails/rack/logger.rb:38:in `call_app'
  railties (4.2.1) lib/rails/rack/logger.rb:20:in `block in call'
  activesupport (4.2.1) lib/active_support/tagged_logging.rb:68:in `block in tagged'
  activesupport (4.2.1) lib/active_support/tagged_logging.rb:26:in `tagged'
  activesupport (4.2.1) lib/active_support/tagged_logging.rb:68:in `tagged'
  railties (4.2.1) lib/rails/rack/logger.rb:20:in `call'
  actionpack (4.2.1) lib/action_dispatch/middleware/request_id.rb:21:in `call'
  rack (1.6.1) lib/rack/methodoverride.rb:22:in `call'
  rack (1.6.1) lib/rack/runtime.rb:18:in `call'
  activesupport (4.2.1) lib/active_support/cache/strategy/local_cache_middleware.rb:28:in `call'
  rack (1.6.1) lib/rack/sendfile.rb:113:in `call'
  railties (4.2.1) lib/rails/engine.rb:518:in `call'
  railties (4.2.1) lib/rails/application.rb:164:in `call'
  rack (1.6.1) lib/rack/content_length.rb:15:in `call'
  thin (1.6.3) lib/thin/connection.rb:86:in `block in pre_process'
  thin (1.6.3) lib/thin/connection.rb:84:in `catch'
  thin (1.6.3) lib/thin/connection.rb:84:in `pre_process'
  thin (1.6.3) lib/thin/connection.rb:53:in `process'
  thin (1.6.3) lib/thin/connection.rb:39:in `receive_data'
  eventmachine (1.0.4) lib/eventmachine.rb:187:in `run_machine'
  eventmachine (1.0.4) lib/eventmachine.rb:187:in `run'
  thin (1.6.3) lib/thin/backends/base.rb:73:in `start'
  thin (1.6.3) lib/thin/server.rb:162:in `start'
  rack (1.6.1) lib/rack/handler/thin.rb:19:in `run'
  rack (1.6.1) lib/rack/server.rb:286:in `start'
  railties (4.2.1) lib/rails/commands/server.rb:80:in `start'
  railties (4.2.1) lib/rails/commands/commands_tasks.rb:80:in `block in server'
  railties (4.2.1) lib/rails/commands/commands_tasks.rb:75:in `tap'
  railties (4.2.1) lib/rails/commands/commands_tasks.rb:75:in `server'
  railties (4.2.1) lib/rails/commands/commands_tasks.rb:39:in `run_command!'
  railties (4.2.1) lib/rails/commands.rb:17:in `<top (required)>'
  bin/rails:8:in `require'
  bin/rails:8:in `<top (required)>'
  spring (1.3.6) lib/spring/client/rails.rb:28:in `load'
  spring (1.3.6) lib/spring/client/rails.rb:28:in `call'
  spring (1.3.6) lib/spring/client/command.rb:7:in `call'
  spring (1.3.6) lib/spring/client.rb:26:in `run'
  spring (1.3.6) bin/spring:48:in `<top (required)>'
  spring (1.3.6) lib/spring/binstub.rb:11:in `load'
  spring (1.3.6) lib/spring/binstub.rb:11:in `<top (required)>'
  bin/spring:13:in `require'
  bin/spring:13:in `<top (required)>'
  bin/rails:3:in `load'
  bin/rails:3:in `<main>'


I, [2015-06-21T00:09:02.858734 #11590]  INFO -- : Started GET "/" for 127.0.0.1 at 2015-06-21 00:09:02 +0700
F, [2015-06-21T00:09:03.244000 #11590] FATAL -- : 
ActiveRecord::NoDatabaseError (FATAL:  role "Jualon49203123Jualon" does not exist
):
  activerecord (4.2.1) lib/active_record/connection_adapters/postgresql_adapter.rb:661:in `rescue in connect'
  activerecord (4.2.1) lib/active_record/connection_adapters/postgresql_adapter.rb:651:in `connect'
  activerecord (4.2.1) lib/active_record/connection_adapters/postgresql_adapter.rb:242:in `initialize'
  activerecord (4.2.1) lib/active_record/connection_adapters/postgresql_adapter.rb:44:in `new'
  activerecord (4.2.1) lib/active_record/connection_adapters/postgresql_adapter.rb:44:in `postgresql_connection'
  activerecord (4.2.1) lib/active_record/connection_adapters/abstract/connection_pool.rb:438:in `new_connection'
  activerecord (4.2.1) lib/active_record/connection_adapters/abstract/connection_pool.rb:448:in `checkout_new_connection'
  activerecord (4.2.1) lib/active_record/connection_adapters/abstract/connection_pool.rb:422:in `acquire_connection'
  activerecord (4.2.1) lib/active_record/connection_adapters/abstract/connection_pool.rb:349:in `block in checkout'
  /home/lintangarief/.rvm/rubies/ruby-2.2.2/lib/ruby/2.2.0/monitor.rb:211:in `mon_synchronize'
  activerecord (4.2.1) lib/active_record/connection_adapters/abstract/connection_pool.rb:348:in `checkout'
  activerecord (4.2.1) lib/active_record/connection_adapters/abstract/connection_pool.rb:263:in `block in connection'
  /home/lintangarief/.rvm/rubies/ruby-2.2.2/lib/ruby/2.2.0/monitor.rb:211:in `mon_synchronize'
  activerecord (4.2.1) lib/active_record/connection_adapters/abstract/connection_pool.rb:262:in `connection'
  activerecord (4.2.1) lib/active_record/connection_adapters/abstract/connection_pool.rb:567:in `retrieve_connection'
  activerecord (4.2.1) lib/active_record/connection_handling.rb:113:in `retrieve_connection'
  activerecord (4.2.1) lib/active_record/connection_handling.rb:87:in `connection'
  activerecord (4.2.1) lib/active_record/query_cache.rb:51:in `restore_query_cache_settings'
  activerecord (4.2.1) lib/active_record/query_cache.rb:43:in `rescue in call'
  activerecord (4.2.1) lib/active_record/query_cache.rb:31:in `call'
  activerecord (4.2.1) lib/active_record/connection_adapters/abstract/connection_pool.rb:649:in `call'
  actionpack (4.2.1) lib/action_dispatch/middleware/callbacks.rb:29:in `block in call'
  activesupport (4.2.1) lib/active_support/callbacks.rb:88:in `call'
  activesupport (4.2.1) lib/active_support/callbacks.rb:88:in `_run_callbacks'
  activesupport (4.2.1) lib/active_support/callbacks.rb:776:in `_run_call_callbacks'
  activesupport (4.2.1) lib/active_support/callbacks.rb:81:in `run_callbacks'
  actionpack (4.2.1) lib/action_dispatch/middleware/callbacks.rb:27:in `call'
  actionpack (4.2.1) lib/action_dispatch/middleware/remote_ip.rb:78:in `call'
  actionpack (4.2.1) lib/action_dispatch/middleware/debug_exceptions.rb:17:in `call'
  actionpack (4.2.1) lib/action_dispatch/middleware/show_exceptions.rb:30:in `call'
  railties (4.2.1) lib/rails/rack/logger.rb:38:in `call_app'
  railties (4.2.1) lib/rails/rack/logger.rb:20:in `block in call'
  activesupport (4.2.1) lib/active_support/tagged_logging.rb:68:in `block in tagged'
  activesupport (4.2.1) lib/active_support/tagged_logging.rb:26:in `tagged'
  activesupport (4.2.1) lib/active_support/tagged_logging.rb:68:in `tagged'
  railties (4.2.1) lib/rails/rack/logger.rb:20:in `call'
  actionpack (4.2.1) lib/action_dispatch/middleware/request_id.rb:21:in `call'
  rack (1.6.1) lib/rack/methodoverride.rb:22:in `call'
  rack (1.6.1) lib/rack/runtime.rb:18:in `call'
  activesupport (4.2.1) lib/active_support/cache/strategy/local_cache_middleware.rb:28:in `call'
  rack (1.6.1) lib/rack/sendfile.rb:113:in `call'
  railties (4.2.1) lib/rails/engine.rb:518:in `call'
  railties (4.2.1) lib/rails/application.rb:164:in `call'
  rack (1.6.1) lib/rack/content_length.rb:15:in `call'
  thin (1.6.3) lib/thin/connection.rb:86:in `block in pre_process'
  thin (1.6.3) lib/thin/connection.rb:84:in `catch'
  thin (1.6.3) lib/thin/connection.rb:84:in `pre_process'
  thin (1.6.3) lib/thin/connection.rb:53:in `process'
  thin (1.6.3) lib/thin/connection.rb:39:in `receive_data'
  eventmachine (1.0.4) lib/eventmachine.rb:187:in `run_machine'
  eventmachine (1.0.4) lib/eventmachine.rb:187:in `run'
  thin (1.6.3) lib/thin/backends/base.rb:73:in `start'
  thin (1.6.3) lib/thin/server.rb:162:in `start'
  rack (1.6.1) lib/rack/handler/thin.rb:19:in `run'
  rack (1.6.1) lib/rack/server.rb:286:in `start'
  railties (4.2.1) lib/rails/commands/server.rb:80:in `start'
  railties (4.2.1) lib/rails/commands/commands_tasks.rb:80:in `block in server'
  railties (4.2.1) lib/rails/commands/commands_tasks.rb:75:in `tap'
  railties (4.2.1) lib/rails/commands/commands_tasks.rb:75:in `server'
  railties (4.2.1) lib/rails/commands/commands_tasks.rb:39:in `run_command!'
  railties (4.2.1) lib/rails/commands.rb:17:in `<top (required)>'
  bin/rails:8:in `require'
  bin/rails:8:in `<top (required)>'
  spring (1.3.6) lib/spring/client/rails.rb:28:in `load'
  spring (1.3.6) lib/spring/client/rails.rb:28:in `call'
  spring (1.3.6) lib/spring/client/command.rb:7:in `call'
  spring (1.3.6) lib/spring/client.rb:26:in `run'
  spring (1.3.6) bin/spring:48:in `<top (required)>'
  spring (1.3.6) lib/spring/binstub.rb:11:in `load'
  spring (1.3.6) lib/spring/binstub.rb:11:in `<top (required)>'
  bin/spring:13:in `require'
  bin/spring:13:in `<top (required)>'
  bin/rails:3:in `load'
  bin/rails:3:in `<main>'


I, [2015-06-21T00:09:52.642369 #11598]  INFO -- : Started GET "/" for 127.0.0.1 at 2015-06-21 00:09:52 +0700
F, [2015-06-21T00:09:52.908361 #11598] FATAL -- : 
ActiveRecord::NoDatabaseError (FATAL:  role "Jualon49203123Jualon" does not exist
):
  activerecord (4.2.1) lib/active_record/connection_adapters/postgresql_adapter.rb:661:in `rescue in connect'
  activerecord (4.2.1) lib/active_record/connection_adapters/postgresql_adapter.rb:651:in `connect'
  activerecord (4.2.1) lib/active_record/connection_adapters/postgresql_adapter.rb:242:in `initialize'
  activerecord (4.2.1) lib/active_record/connection_adapters/postgresql_adapter.rb:44:in `new'
  activerecord (4.2.1) lib/active_record/connection_adapters/postgresql_adapter.rb:44:in `postgresql_connection'
  activerecord (4.2.1) lib/active_record/connection_adapters/abstract/connection_pool.rb:438:in `new_connection'
  activerecord (4.2.1) lib/active_record/connection_adapters/abstract/connection_pool.rb:448:in `checkout_new_connection'
  activerecord (4.2.1) lib/active_record/connection_adapters/abstract/connection_pool.rb:422:in `acquire_connection'
  activerecord (4.2.1) lib/active_record/connection_adapters/abstract/connection_pool.rb:349:in `block in checkout'
  /home/lintangarief/.rvm/rubies/ruby-2.2.2/lib/ruby/2.2.0/monitor.rb:211:in `mon_synchronize'
  activerecord (4.2.1) lib/active_record/connection_adapters/abstract/connection_pool.rb:348:in `checkout'
  activerecord (4.2.1) lib/active_record/connection_adapters/abstract/connection_pool.rb:263:in `block in connection'
  /home/lintangarief/.rvm/rubies/ruby-2.2.2/lib/ruby/2.2.0/monitor.rb:211:in `mon_synchronize'
  activerecord (4.2.1) lib/active_record/connection_adapters/abstract/connection_pool.rb:262:in `connection'
  activerecord (4.2.1) lib/active_record/connection_adapters/abstract/connection_pool.rb:567:in `retrieve_connection'
  activerecord (4.2.1) lib/active_record/connection_handling.rb:113:in `retrieve_connection'
  activerecord (4.2.1) lib/active_record/connection_handling.rb:87:in `connection'
  activerecord (4.2.1) lib/active_record/query_cache.rb:51:in `restore_query_cache_settings'
  activerecord (4.2.1) lib/active_record/query_cache.rb:43:in `rescue in call'
  activerecord (4.2.1) lib/active_record/query_cache.rb:31:in `call'
  activerecord (4.2.1) lib/active_record/connection_adapters/abstract/connection_pool.rb:649:in `call'
  actionpack (4.2.1) lib/action_dispatch/middleware/callbacks.rb:29:in `block in call'
  activesupport (4.2.1) lib/active_support/callbacks.rb:88:in `call'
  activesupport (4.2.1) lib/active_support/callbacks.rb:88:in `_run_callbacks'
  activesupport (4.2.1) lib/active_support/callbacks.rb:776:in `_run_call_callbacks'
  activesupport (4.2.1) lib/active_support/callbacks.rb:81:in `run_callbacks'
  actionpack (4.2.1) lib/action_dispatch/middleware/callbacks.rb:27:in `call'
  actionpack (4.2.1) lib/action_dispatch/middleware/remote_ip.rb:78:in `call'
  actionpack (4.2.1) lib/action_dispatch/middleware/debug_exceptions.rb:17:in `call'
  actionpack (4.2.1) lib/action_dispatch/middleware/show_exceptions.rb:30:in `call'
  railties (4.2.1) lib/rails/rack/logger.rb:38:in `call_app'
  railties (4.2.1) lib/rails/rack/logger.rb:20:in `block in call'
  activesupport (4.2.1) lib/active_support/tagged_logging.rb:68:in `block in tagged'
  activesupport (4.2.1) lib/active_support/tagged_logging.rb:26:in `tagged'
  activesupport (4.2.1) lib/active_support/tagged_logging.rb:68:in `tagged'
  railties (4.2.1) lib/rails/rack/logger.rb:20:in `call'
  actionpack (4.2.1) lib/action_dispatch/middleware/request_id.rb:21:in `call'
  rack (1.6.1) lib/rack/methodoverride.rb:22:in `call'
  rack (1.6.1) lib/rack/runtime.rb:18:in `call'
  activesupport (4.2.1) lib/active_support/cache/strategy/local_cache_middleware.rb:28:in `call'
  rack (1.6.1) lib/rack/sendfile.rb:113:in `call'
  railties (4.2.1) lib/rails/engine.rb:518:in `call'
  railties (4.2.1) lib/rails/application.rb:164:in `call'
  rack (1.6.1) lib/rack/content_length.rb:15:in `call'
  thin (1.6.3) lib/thin/connection.rb:86:in `block in pre_process'
  thin (1.6.3) lib/thin/connection.rb:84:in `catch'
  thin (1.6.3) lib/thin/connection.rb:84:in `pre_process'
  thin (1.6.3) lib/thin/connection.rb:53:in `process'
  thin (1.6.3) lib/thin/connection.rb:39:in `receive_data'
  eventmachine (1.0.4) lib/eventmachine.rb:187:in `run_machine'
  eventmachine (1.0.4) lib/eventmachine.rb:187:in `run'
  thin (1.6.3) lib/thin/backends/base.rb:73:in `start'
  thin (1.6.3) lib/thin/server.rb:162:in `start'
  rack (1.6.1) lib/rack/handler/thin.rb:19:in `run'
  rack (1.6.1) lib/rack/server.rb:286:in `start'
  railties (4.2.1) lib/rails/commands/server.rb:80:in `start'
  railties (4.2.1) lib/rails/commands/commands_tasks.rb:80:in `block in server'
  railties (4.2.1) lib/rails/commands/commands_tasks.rb:75:in `tap'
  railties (4.2.1) lib/rails/commands/commands_tasks.rb:75:in `server'
  railties (4.2.1) lib/rails/commands/commands_tasks.rb:39:in `run_command!'
  railties (4.2.1) lib/rails/commands.rb:17:in `<top (required)>'
  bin/rails:8:in `require'
  bin/rails:8:in `<top (required)>'
  spring (1.3.6) lib/spring/client/rails.rb:28:in `load'
  spring (1.3.6) lib/spring/client/rails.rb:28:in `call'
  spring (1.3.6) lib/spring/client/command.rb:7:in `call'
  spring (1.3.6) lib/spring/client.rb:26:in `run'
  spring (1.3.6) bin/spring:48:in `<top (required)>'
  spring (1.3.6) lib/spring/binstub.rb:11:in `load'
  spring (1.3.6) lib/spring/binstub.rb:11:in `<top (required)>'
  bin/spring:13:in `require'
  bin/spring:13:in `<top (required)>'
  bin/rails:3:in `load'
  bin/rails:3:in `<main>'


I, [2015-06-21T00:14:43.354958 #11698]  INFO -- : Started GET "/" for 127.0.0.1 at 2015-06-21 00:14:43 +0700
F, [2015-06-21T00:14:43.638521 #11698] FATAL -- : 
ActiveRecord::NoDatabaseError (FATAL:  role "Jualon49203123Jualon" does not exist
):
  activerecord (4.2.1) lib/active_record/connection_adapters/postgresql_adapter.rb:661:in `rescue in connect'
  activerecord (4.2.1) lib/active_record/connection_adapters/postgresql_adapter.rb:651:in `connect'
  activerecord (4.2.1) lib/active_record/connection_adapters/postgresql_adapter.rb:242:in `initialize'
  activerecord (4.2.1) lib/active_record/connection_adapters/postgresql_adapter.rb:44:in `new'
  activerecord (4.2.1) lib/active_record/connection_adapters/postgresql_adapter.rb:44:in `postgresql_connection'
  activerecord (4.2.1) lib/active_record/connection_adapters/abstract/connection_pool.rb:438:in `new_connection'
  activerecord (4.2.1) lib/active_record/connection_adapters/abstract/connection_pool.rb:448:in `checkout_new_connection'
  activerecord (4.2.1) lib/active_record/connection_adapters/abstract/connection_pool.rb:422:in `acquire_connection'
  activerecord (4.2.1) lib/active_record/connection_adapters/abstract/connection_pool.rb:349:in `block in checkout'
  /home/lintangarief/.rvm/rubies/ruby-2.2.2/lib/ruby/2.2.0/monitor.rb:211:in `mon_synchronize'
  activerecord (4.2.1) lib/active_record/connection_adapters/abstract/connection_pool.rb:348:in `checkout'
  activerecord (4.2.1) lib/active_record/connection_adapters/abstract/connection_pool.rb:263:in `block in connection'
  /home/lintangarief/.rvm/rubies/ruby-2.2.2/lib/ruby/2.2.0/monitor.rb:211:in `mon_synchronize'
  activerecord (4.2.1) lib/active_record/connection_adapters/abstract/connection_pool.rb:262:in `connection'
  activerecord (4.2.1) lib/active_record/connection_adapters/abstract/connection_pool.rb:567:in `retrieve_connection'
  activerecord (4.2.1) lib/active_record/connection_handling.rb:113:in `retrieve_connection'
  activerecord (4.2.1) lib/active_record/connection_handling.rb:87:in `connection'
  activerecord (4.2.1) lib/active_record/query_cache.rb:51:in `restore_query_cache_settings'
  activerecord (4.2.1) lib/active_record/query_cache.rb:43:in `rescue in call'
  activerecord (4.2.1) lib/active_record/query_cache.rb:31:in `call'
  activerecord (4.2.1) lib/active_record/connection_adapters/abstract/connection_pool.rb:649:in `call'
  actionpack (4.2.1) lib/action_dispatch/middleware/callbacks.rb:29:in `block in call'
  activesupport (4.2.1) lib/active_support/callbacks.rb:88:in `call'
  activesupport (4.2.1) lib/active_support/callbacks.rb:88:in `_run_callbacks'
  activesupport (4.2.1) lib/active_support/callbacks.rb:776:in `_run_call_callbacks'
  activesupport (4.2.1) lib/active_support/callbacks.rb:81:in `run_callbacks'
  actionpack (4.2.1) lib/action_dispatch/middleware/callbacks.rb:27:in `call'
  actionpack (4.2.1) lib/action_dispatch/middleware/remote_ip.rb:78:in `call'
  actionpack (4.2.1) lib/action_dispatch/middleware/debug_exceptions.rb:17:in `call'
  actionpack (4.2.1) lib/action_dispatch/middleware/show_exceptions.rb:30:in `call'
  railties (4.2.1) lib/rails/rack/logger.rb:38:in `call_app'
  railties (4.2.1) lib/rails/rack/logger.rb:20:in `block in call'
  activesupport (4.2.1) lib/active_support/tagged_logging.rb:68:in `block in tagged'
  activesupport (4.2.1) lib/active_support/tagged_logging.rb:26:in `tagged'
  activesupport (4.2.1) lib/active_support/tagged_logging.rb:68:in `tagged'
  railties (4.2.1) lib/rails/rack/logger.rb:20:in `call'
  actionpack (4.2.1) lib/action_dispatch/middleware/request_id.rb:21:in `call'
  rack (1.6.1) lib/rack/methodoverride.rb:22:in `call'
  rack (1.6.1) lib/rack/runtime.rb:18:in `call'
  activesupport (4.2.1) lib/active_support/cache/strategy/local_cache_middleware.rb:28:in `call'
  rack (1.6.1) lib/rack/sendfile.rb:113:in `call'
  railties (4.2.1) lib/rails/engine.rb:518:in `call'
  railties (4.2.1) lib/rails/application.rb:164:in `call'
  rack (1.6.1) lib/rack/content_length.rb:15:in `call'
  thin (1.6.3) lib/thin/connection.rb:86:in `block in pre_process'
  thin (1.6.3) lib/thin/connection.rb:84:in `catch'
  thin (1.6.3) lib/thin/connection.rb:84:in `pre_process'
  thin (1.6.3) lib/thin/connection.rb:53:in `process'
  thin (1.6.3) lib/thin/connection.rb:39:in `receive_data'
  eventmachine (1.0.4) lib/eventmachine.rb:187:in `run_machine'
  eventmachine (1.0.4) lib/eventmachine.rb:187:in `run'
  thin (1.6.3) lib/thin/backends/base.rb:73:in `start'
  thin (1.6.3) lib/thin/server.rb:162:in `start'
  rack (1.6.1) lib/rack/handler/thin.rb:19:in `run'
  rack (1.6.1) lib/rack/server.rb:286:in `start'
  railties (4.2.1) lib/rails/commands/server.rb:80:in `start'
  railties (4.2.1) lib/rails/commands/commands_tasks.rb:80:in `block in server'
  railties (4.2.1) lib/rails/commands/commands_tasks.rb:75:in `tap'
  railties (4.2.1) lib/rails/commands/commands_tasks.rb:75:in `server'
  railties (4.2.1) lib/rails/commands/commands_tasks.rb:39:in `run_command!'
  railties (4.2.1) lib/rails/commands.rb:17:in `<top (required)>'
  bin/rails:8:in `require'
  bin/rails:8:in `<top (required)>'
  spring (1.3.6) lib/spring/client/rails.rb:28:in `load'
  spring (1.3.6) lib/spring/client/rails.rb:28:in `call'
  spring (1.3.6) lib/spring/client/command.rb:7:in `call'
  spring (1.3.6) lib/spring/client.rb:26:in `run'
  spring (1.3.6) bin/spring:48:in `<top (required)>'
  spring (1.3.6) lib/spring/binstub.rb:11:in `load'
  spring (1.3.6) lib/spring/binstub.rb:11:in `<top (required)>'
  bin/spring:13:in `require'
  bin/spring:13:in `<top (required)>'
  bin/rails:3:in `load'
  bin/rails:3:in `<main>'


